<?xml version="1.0" encoding="UTF-8"?>
<testsuite xmlns:xsi="http://www.w3.org/2001/XMLSchema-instance" xsi:noNamespaceSchemaLocation="https://maven.apache.org/surefire/maven-surefire-plugin/xsd/surefire-test-report-3.0.xsd" version="3.0" name="com.example.tripadvisor.TripadvisorApplicationTests" time="5.094" tests="1" errors="0" skipped="0" failures="0">
  <properties>
[...]
</properties>
  <testcase name="contextLoads" classname="com.example.tripadvisor.TripadvisorApplicationTests" time="0.79">
    <system-out><![CDATA[21:05:09.839 [main] INFO org.springframework.test.context.support.AnnotationConfigContextLoaderUtils -- Could not detect default configuration classes for test class [com.example.tripadvisor.TripadvisorApplicationTests]: TripadvisorApplicationTests does not declare any static, non-private, non-final, nested classes annotated with @Configuration.
21:05:09.924 [main] INFO org.springframework.boot.test.context.SpringBootTestContextBootstrapper -- Found @SpringBootConfiguration com.example.tripadvisor.TripadvisorApplication for test class com.example.tripadvisor.TripadvisorApplicationTests

  .   ____          _            __ _ _
 /\\ / ___'_ __ _ _(_)_ __  __ _ \ \ \ \
( ( )\___ | '_ | '_| | '_ \/ _` | \ \ \ \
 \\/  ___)| |_)| | | | | || (_| |  ) ) ) )
  '  |____| .__|_| |_|_| |_\__, | / / / /
 =========|_|==============|___/=/_/_/_/
 :: Spring Boot ::                (v3.1.1)

2023-08-05T21:05:10.299-04:00  WARN 4608 --- [           main] ory$DuplicateJsonObjectContextCustomizer : 

Found multiple occurrences of org.json.JSONObject on the class path:

	jar:file:/C:/Users/Administrator/.m2/repository/com/vaadin/external/google/android-json/0.0.20131108.vaadin1/android-json-0.0.20131108.vaadin1.jar!/org/json/JSONObject.class
	jar:file:/C:/Users/Administrator/.m2/repository/org/json/json/20230227/json-20230227.jar!/org/json/JSONObject.class

You may wish to exclude one of them to ensure predictable runtime behavior

2023-08-05T21:05:10.321-04:00  INFO 4608 --- [           main] c.e.t.TripadvisorApplicationTests        : Starting TripadvisorApplicationTests using Java 17.0.7 with PID 4608 (started by Administrator in P:\cs348\TiDB-Hack-Traveling-AI\backend)
2023-08-05T21:05:10.322-04:00  INFO 4608 --- [           main] c.e.t.TripadvisorApplicationTests        : No active profile set, falling back to 1 default profile: "default"
2023-08-05T21:05:10.905-04:00  INFO 4608 --- [           main] .s.d.r.c.RepositoryConfigurationDelegate : Bootstrapping Spring Data JDBC repositories in DEFAULT mode.
2023-08-05T21:05:10.924-04:00  INFO 4608 --- [           main] .s.d.r.c.RepositoryConfigurationDelegate : Finished Spring Data repository scanning in 13 ms. Found 0 JDBC repository interfaces.
Connection success
2023-08-05T21:05:11.805-04:00  INFO 4608 --- [           main] com.zaxxer.hikari.HikariDataSource       : HikariPool-1 - Starting...
2023-08-05T21:05:13.848-04:00  INFO 4608 --- [           main] com.zaxxer.hikari.pool.HikariPool        : HikariPool-1 - Added connection com.mysql.cj.jdbc.ConnectionImpl@402b4f81
2023-08-05T21:05:13.850-04:00  INFO 4608 --- [           main] com.zaxxer.hikari.HikariDataSource       : HikariPool-1 - Start completed.
2023-08-05T21:05:13.973-04:00  INFO 4608 --- [           main] c.e.t.TripadvisorApplicationTests        : Started TripadvisorApplicationTests in 3.9 seconds (process running for 4.715)
]]></system-out>
  </testcase>
</testsuite>